{"/Users/timothydement/Google Drive/NCSU/Fall 2017/CSC 510-001 - Software Engineering (Parnin)/Mocking/main.js":{"path":"/Users/timothydement/Google Drive/NCSU/Fall 2017/CSC 510-001 - Software Engineering (Parnin)/Mocking/main.js","s":{"1":1,"2":1,"3":1,"4":1,"5":1,"6":1,"7":1,"8":2,"9":2,"10":2,"11":2,"12":12,"13":2,"14":6,"15":2,"16":1,"17":1,"18":1,"19":1,"20":1,"21":1,"22":2,"23":2,"24":2,"25":2,"26":2,"27":1,"28":2,"29":2,"30":2,"31":1,"32":2,"33":2,"34":2,"35":10,"36":2,"37":1,"38":1,"39":1,"40":1},"b":{"1":[1,1]},"f":{"1":2,"2":2,"3":2,"4":12,"5":6,"6":1,"7":1,"8":1,"9":2,"10":2,"11":2,"12":2,"13":2,"14":2,"15":10},"fnMap":{"1":{"name":"findMostFrequentAssignee","line":10,"loc":{"start":{"line":10,"column":0},"end":{"line":11,"column":0}}},"2":{"name":"(anonymous_2)","line":12,"loc":{"start":{"line":12,"column":20},"end":{"line":13,"column":1}}},"3":{"name":"(anonymous_3)","line":15,"loc":{"start":{"line":15,"column":35},"end":{"line":16,"column":2}}},"4":{"name":"(anonymous_4)","line":18,"loc":{"start":{"line":18,"column":36},"end":{"line":18,"column":52}}},"5":{"name":"(anonymous_5)","line":19,"loc":{"start":{"line":19,"column":38},"end":{"line":19,"column":52}}},"6":{"name":"countClosed","line":26,"loc":{"start":{"line":26,"column":0},"end":{"line":27,"column":0}}},"7":{"name":"(anonymous_7)","line":28,"loc":{"start":{"line":28,"column":20},"end":{"line":29,"column":1}}},"8":{"name":"(anonymous_8)","line":31,"loc":{"start":{"line":31,"column":35},"end":{"line":32,"column":2}}},"9":{"name":"titleBodyWordCountRatio","line":40,"loc":{"start":{"line":40,"column":0},"end":{"line":41,"column":0}}},"10":{"name":"(anonymous_10)","line":42,"loc":{"start":{"line":42,"column":20},"end":{"line":43,"column":1}}},"11":{"name":"(anonymous_11)","line":45,"loc":{"start":{"line":45,"column":45},"end":{"line":46,"column":2}}},"12":{"name":"maxStars","line":64,"loc":{"start":{"line":64,"column":0},"end":{"line":65,"column":0}}},"13":{"name":"(anonymous_13)","line":66,"loc":{"start":{"line":66,"column":20},"end":{"line":67,"column":1}}},"14":{"name":"(anonymous_14)","line":68,"loc":{"start":{"line":68,"column":40},"end":{"line":69,"column":2}}},"15":{"name":"(anonymous_15)","line":70,"loc":{"start":{"line":70,"column":31},"end":{"line":70,"column":46}}}},"statementMap":{"1":{"start":{"line":1,"column":0},"end":{"line":1,"column":34}},"2":{"start":{"line":2,"column":0},"end":{"line":2,"column":27}},"3":{"start":{"line":3,"column":0},"end":{"line":3,"column":25}},"4":{"start":{"line":4,"column":0},"end":{"line":4,"column":27}},"5":{"start":{"line":5,"column":0},"end":{"line":5,"column":30}},"6":{"start":{"line":6,"column":0},"end":{"line":6,"column":36}},"7":{"start":{"line":10,"column":0},"end":{"line":23,"column":1}},"8":{"start":{"line":12,"column":1},"end":{"line":22,"column":4}},"9":{"start":{"line":15,"column":2},"end":{"line":21,"column":5}},"10":{"start":{"line":17,"column":3},"end":{"line":17,"column":41}},"11":{"start":{"line":18,"column":3},"end":{"line":18,"column":70}},"12":{"start":{"line":18,"column":54},"end":{"line":18,"column":66}},"13":{"start":{"line":19,"column":3},"end":{"line":19,"column":79}},"14":{"start":{"line":19,"column":54},"end":{"line":19,"column":77}},"15":{"start":{"line":20,"column":3},"end":{"line":20,"column":53}},"16":{"start":{"line":26,"column":0},"end":{"line":37,"column":1}},"17":{"start":{"line":28,"column":1},"end":{"line":36,"column":4}},"18":{"start":{"line":31,"column":2},"end":{"line":35,"column":5}},"19":{"start":{"line":33,"column":3},"end":{"line":33,"column":52}},"20":{"start":{"line":34,"column":3},"end":{"line":34,"column":26}},"21":{"start":{"line":40,"column":0},"end":{"line":62,"column":1}},"22":{"start":{"line":42,"column":1},"end":{"line":61,"column":4}},"23":{"start":{"line":45,"column":2},"end":{"line":60,"column":5}},"24":{"start":{"line":47,"column":3},"end":{"line":47,"column":56}},"25":{"start":{"line":48,"column":3},"end":{"line":48,"column":48}},"26":{"start":{"line":52,"column":3},"end":{"line":55,"column":4}},"27":{"start":{"line":54,"column":4},"end":{"line":54,"column":17}},"28":{"start":{"line":57,"column":3},"end":{"line":57,"column":36}},"29":{"start":{"line":58,"column":3},"end":{"line":58,"column":45}},"30":{"start":{"line":59,"column":3},"end":{"line":59,"column":16}},"31":{"start":{"line":64,"column":0},"end":{"line":74,"column":1}},"32":{"start":{"line":66,"column":1},"end":{"line":73,"column":4}},"33":{"start":{"line":68,"column":2},"end":{"line":72,"column":5}},"34":{"start":{"line":70,"column":3},"end":{"line":70,"column":80}},"35":{"start":{"line":70,"column":48},"end":{"line":70,"column":77}},"36":{"start":{"line":71,"column":3},"end":{"line":71,"column":64}},"37":{"start":{"line":76,"column":0},"end":{"line":76,"column":60}},"38":{"start":{"line":77,"column":0},"end":{"line":77,"column":34}},"39":{"start":{"line":78,"column":0},"end":{"line":78,"column":58}},"40":{"start":{"line":79,"column":0},"end":{"line":79,"column":28}}},"branchMap":{"1":{"line":52,"type":"if","locations":[{"start":{"line":52,"column":3},"end":{"line":52,"column":3}},{"start":{"line":52,"column":3},"end":{"line":52,"column":3}}]}}},"/Users/timothydement/Google Drive/NCSU/Fall 2017/CSC 510-001 - Software Engineering (Parnin)/Mocking/github.js":{"path":"/Users/timothydement/Google Drive/NCSU/Fall 2017/CSC 510-001 - Software Engineering (Parnin)/Mocking/github.js","s":{"1":1,"2":1,"3":1,"4":1,"5":1,"6":1,"7":1,"8":0,"9":0,"10":0,"11":0,"12":0,"13":1,"14":3,"15":3,"16":3,"17":3,"18":3,"19":1,"20":2,"21":2,"22":2,"23":2,"24":2,"25":1,"26":2,"27":2,"28":2,"29":2,"30":2,"31":1,"32":1,"33":1,"34":1},"b":{},"f":{"1":0,"2":0,"3":0,"4":3,"5":3,"6":3,"7":2,"8":2,"9":2,"10":2,"11":2,"12":2},"fnMap":{"1":{"name":"getRepos","line":9,"loc":{"start":{"line":9,"column":0},"end":{"line":10,"column":0}}},"2":{"name":"(anonymous_2)","line":20,"loc":{"start":{"line":20,"column":20},"end":{"line":21,"column":1}}},"3":{"name":"(anonymous_3)","line":23,"loc":{"start":{"line":23,"column":19},"end":{"line":24,"column":2}}},"4":{"name":"getIssues","line":31,"loc":{"start":{"line":31,"column":0},"end":{"line":32,"column":0}}},"5":{"name":"(anonymous_5)","line":42,"loc":{"start":{"line":42,"column":20},"end":{"line":43,"column":1}}},"6":{"name":"(anonymous_6)","line":45,"loc":{"start":{"line":45,"column":19},"end":{"line":46,"column":2}}},"7":{"name":"getAnIssue","line":53,"loc":{"start":{"line":53,"column":0},"end":{"line":54,"column":0}}},"8":{"name":"(anonymous_8)","line":64,"loc":{"start":{"line":64,"column":20},"end":{"line":65,"column":1}}},"9":{"name":"(anonymous_9)","line":67,"loc":{"start":{"line":67,"column":19},"end":{"line":68,"column":2}}},"10":{"name":"getStargazers","line":75,"loc":{"start":{"line":75,"column":0},"end":{"line":76,"column":0}}},"11":{"name":"(anonymous_11)","line":87,"loc":{"start":{"line":87,"column":20},"end":{"line":88,"column":1}}},"12":{"name":"(anonymous_12)","line":89,"loc":{"start":{"line":89,"column":19},"end":{"line":90,"column":2}}}},"statementMap":{"1":{"start":{"line":1,"column":0},"end":{"line":1,"column":34}},"2":{"start":{"line":2,"column":0},"end":{"line":2,"column":30}},"3":{"start":{"line":3,"column":0},"end":{"line":3,"column":33}},"4":{"start":{"line":4,"column":0},"end":{"line":4,"column":41}},"5":{"start":{"line":6,"column":0},"end":{"line":6,"column":36}},"6":{"start":{"line":7,"column":0},"end":{"line":7,"column":39}},"7":{"start":{"line":9,"column":0},"end":{"line":29,"column":1}},"8":{"start":{"line":11,"column":1},"end":{"line":18,"column":3}},"9":{"start":{"line":20,"column":1},"end":{"line":28,"column":4}},"10":{"start":{"line":23,"column":2},"end":{"line":27,"column":5}},"11":{"start":{"line":25,"column":3},"end":{"line":25,"column":32}},"12":{"start":{"line":26,"column":3},"end":{"line":26,"column":18}},"13":{"start":{"line":31,"column":0},"end":{"line":51,"column":1}},"14":{"start":{"line":33,"column":1},"end":{"line":40,"column":3}},"15":{"start":{"line":42,"column":1},"end":{"line":50,"column":4}},"16":{"start":{"line":45,"column":2},"end":{"line":49,"column":5}},"17":{"start":{"line":47,"column":3},"end":{"line":47,"column":30}},"18":{"start":{"line":48,"column":3},"end":{"line":48,"column":16}},"19":{"start":{"line":53,"column":0},"end":{"line":73,"column":1}},"20":{"start":{"line":55,"column":1},"end":{"line":62,"column":3}},"21":{"start":{"line":64,"column":1},"end":{"line":72,"column":4}},"22":{"start":{"line":67,"column":2},"end":{"line":71,"column":5}},"23":{"start":{"line":69,"column":3},"end":{"line":69,"column":30}},"24":{"start":{"line":70,"column":3},"end":{"line":70,"column":16}},"25":{"start":{"line":75,"column":0},"end":{"line":95,"column":1}},"26":{"start":{"line":77,"column":1},"end":{"line":85,"column":3}},"27":{"start":{"line":87,"column":1},"end":{"line":94,"column":4}},"28":{"start":{"line":89,"column":2},"end":{"line":93,"column":5}},"29":{"start":{"line":91,"column":3},"end":{"line":91,"column":30}},"30":{"start":{"line":92,"column":3},"end":{"line":92,"column":16}},"31":{"start":{"line":97,"column":0},"end":{"line":97,"column":28}},"32":{"start":{"line":98,"column":0},"end":{"line":98,"column":30}},"33":{"start":{"line":99,"column":0},"end":{"line":99,"column":32}},"34":{"start":{"line":100,"column":0},"end":{"line":100,"column":38}}},"branchMap":{}}}