TN:
SF:/Users/timothydement/Google Drive/NCSU/Fall 2017/CSC 510-001 - Software Engineering (Parnin)/Mocking/main.js
FN:10,findMostFrequentAssignee
FN:12,(anonymous_2)
FN:15,(anonymous_3)
FN:18,(anonymous_4)
FN:19,(anonymous_5)
FN:26,countClosed
FN:28,(anonymous_7)
FN:31,(anonymous_8)
FN:40,titleBodyWordCountRatio
FN:42,(anonymous_10)
FN:45,(anonymous_11)
FN:64,maxStars
FN:66,(anonymous_13)
FN:68,(anonymous_14)
FN:70,(anonymous_15)
FNF:15
FNH:15
FNDA:2,findMostFrequentAssignee
FNDA:2,(anonymous_2)
FNDA:2,(anonymous_3)
FNDA:12,(anonymous_4)
FNDA:6,(anonymous_5)
FNDA:1,countClosed
FNDA:1,(anonymous_7)
FNDA:1,(anonymous_8)
FNDA:2,titleBodyWordCountRatio
FNDA:2,(anonymous_10)
FNDA:2,(anonymous_11)
FNDA:2,maxStars
FNDA:2,(anonymous_13)
FNDA:2,(anonymous_14)
FNDA:10,(anonymous_15)
DA:1,1
DA:2,1
DA:3,1
DA:4,1
DA:5,1
DA:6,1
DA:10,1
DA:12,2
DA:15,2
DA:17,2
DA:18,12
DA:19,6
DA:20,2
DA:26,1
DA:28,1
DA:31,1
DA:33,1
DA:34,1
DA:40,1
DA:42,2
DA:45,2
DA:47,2
DA:48,2
DA:52,2
DA:54,1
DA:57,2
DA:58,2
DA:59,2
DA:64,1
DA:66,2
DA:68,2
DA:70,10
DA:71,2
DA:76,1
DA:77,1
DA:78,1
DA:79,1
LF:37
LH:37
BRDA:52,1,0,1
BRDA:52,1,1,1
BRF:2
BRH:2
end_of_record
TN:
SF:/Users/timothydement/Google Drive/NCSU/Fall 2017/CSC 510-001 - Software Engineering (Parnin)/Mocking/github.js
FN:9,getRepos
FN:20,(anonymous_2)
FN:23,(anonymous_3)
FN:31,getIssues
FN:42,(anonymous_5)
FN:45,(anonymous_6)
FN:53,getAnIssue
FN:64,(anonymous_8)
FN:67,(anonymous_9)
FN:75,getStargazers
FN:87,(anonymous_11)
FN:89,(anonymous_12)
FNF:12
FNH:9
FNDA:0,getRepos
FNDA:0,(anonymous_2)
FNDA:0,(anonymous_3)
FNDA:3,getIssues
FNDA:3,(anonymous_5)
FNDA:3,(anonymous_6)
FNDA:2,getAnIssue
FNDA:2,(anonymous_8)
FNDA:2,(anonymous_9)
FNDA:2,getStargazers
FNDA:2,(anonymous_11)
FNDA:2,(anonymous_12)
DA:1,1
DA:2,1
DA:3,1
DA:4,1
DA:6,1
DA:7,1
DA:9,1
DA:11,0
DA:20,0
DA:23,0
DA:25,0
DA:26,0
DA:31,1
DA:33,3
DA:42,3
DA:45,3
DA:47,3
DA:48,3
DA:53,1
DA:55,2
DA:64,2
DA:67,2
DA:69,2
DA:70,2
DA:75,1
DA:77,2
DA:87,2
DA:89,2
DA:91,2
DA:92,2
DA:97,1
DA:98,1
DA:99,1
DA:100,1
LF:34
LH:29
BRF:0
BRH:0
end_of_record
